<?xml version="1.0" encoding="UTF-8"?>
<!-- Generated by org.testng.reporters.JUnitReportReporter -->
<testsuite name="com.testrunner.testrunner" tests="1" time="9.578" ignored="0" failures="0" timestamp="09 Dec 2021 01:01:47 GMT" skipped="0" hostname="DESKTOP-Q1GPS3A" errors="0">
  <testcase name="runScenario" time="9.578" classname="com.testrunner.testrunner"/>
</testsuite> <!-- com.testrunner.testrunner -->
